This is pdfTeX, Version 3.14159265-2.6-1.40.18 (TeX Live 2017) (preloaded format=pdflatex 2017.5.23)  6 MAY 2018 21:15
entering extended mode
 restricted \write18 enabled.
 file:line:error style messages enabled.
 %&-line parsing enabled.
**Reporte5.tex
(./Reporte5.tex
LaTeX2e <2017-04-15>
Babel <3.10> and hyphenation patterns for 84 language(s) loaded.
(/usr/local/texlive/2017/texmf-dist/tex/latex/base/article.cls
Document Class: article 2014/09/29 v1.4h Standard LaTeX document class
(/usr/local/texlive/2017/texmf-dist/tex/latex/base/size10.clo
File: size10.clo 2014/09/29 v1.4h Standard LaTeX file (size option)
)
\c@part=\count79
\c@section=\count80
\c@subsection=\count81
\c@subsubsection=\count82
\c@paragraph=\count83
\c@subparagraph=\count84
\c@figure=\count85
\c@table=\count86
\abovecaptionskip=\skip41
\belowcaptionskip=\skip42
\bibindent=\dimen102
)
(/usr/local/texlive/2017/texmf-dist/tex/latex/cite/cite.sty
LaTeX Info: Redefining \cite on input line 302.
LaTeX Info: Redefining \nocite on input line 332.
Package: cite 2015/02/27  v 5.5
)
(/usr/local/texlive/2017/texmf-dist/tex/latex/listings/listings.sty
(/usr/local/texlive/2017/texmf-dist/tex/latex/graphics/keyval.sty
Package: keyval 2014/10/28 v1.15 key=value parser (DPC)
\KV@toks@=\toks14
)
\lst@mode=\count87
\lst@gtempboxa=\box26
\lst@token=\toks15
\lst@length=\count88
\lst@currlwidth=\dimen103
\lst@column=\count89
\lst@pos=\count90
\lst@lostspace=\dimen104
\lst@width=\dimen105
\lst@newlines=\count91
\lst@lineno=\count92
\lst@maxwidth=\dimen106

(/usr/local/texlive/2017/texmf-dist/tex/latex/listings/lstmisc.sty
File: lstmisc.sty 2015/06/04 1.6 (Carsten Heinz)
\c@lstnumber=\count93
\lst@skipnumbers=\count94
\lst@framebox=\box27
)
(/usr/local/texlive/2017/texmf-dist/tex/latex/listings/listings.cfg
File: listings.cfg 2015/06/04 1.6 listings configuration
))
Package: listings 2015/06/04 1.6 (Carsten Heinz)

(/usr/local/texlive/2017/texmf-dist/tex/latex/graphics/color.sty
Package: color 2016/07/10 v1.1e Standard LaTeX Color (DPC)

(/usr/local/texlive/2017/texmf-dist/tex/latex/graphics-cfg/color.cfg
File: color.cfg 2016/01/02 v1.6 sample color configuration
)
Package color Info: Driver file: pdftex.def on input line 147.

(/usr/local/texlive/2017/texmf-dist/tex/latex/graphics-def/pdftex.def
File: pdftex.def 2017/01/12 v0.06k Graphics/color for pdfTeX

(/usr/local/texlive/2017/texmf-dist/tex/generic/oberdiek/infwarerr.sty
Package: infwarerr 2016/05/16 v1.4 Providing info/warning/error messages (HO)
)
(/usr/local/texlive/2017/texmf-dist/tex/generic/oberdiek/ltxcmds.sty
Package: ltxcmds 2016/05/16 v1.23 LaTeX kernel commands for general use (HO)
)
\Gread@gobject=\count95
))
(/usr/local/texlive/2017/texmf-dist/tex/latex/graphics/graphicx.sty
Package: graphicx 2014/10/28 v1.0g Enhanced LaTeX Graphics (DPC,SPQR)

(/usr/local/texlive/2017/texmf-dist/tex/latex/graphics/graphics.sty
Package: graphics 2017/04/14 v1.1b Standard LaTeX Graphics (DPC,SPQR)

(/usr/local/texlive/2017/texmf-dist/tex/latex/graphics/trig.sty
Package: trig 2016/01/03 v1.10 sin cos tan (DPC)
)
(/usr/local/texlive/2017/texmf-dist/tex/latex/graphics-cfg/graphics.cfg
File: graphics.cfg 2016/06/04 v1.11 sample graphics configuration
)
Package graphics Info: Driver file: pdftex.def on input line 99.
)
\Gin@req@height=\dimen107
\Gin@req@width=\dimen108
)
(/usr/local/texlive/2017/texmf-dist/tex/latex/enumitem/enumitem.sty
Package: enumitem 2011/09/28 v3.5.2 Customized lists
\labelindent=\skip43
\enit@outerparindent=\dimen109
\enit@toks=\toks16
\enit@inbox=\box28
\enitdp@description=\count96
)
(/usr/local/texlive/2017/texmf-dist/tex/latex/float/float.sty
Package: float 2001/11/08 v1.3d Float enhancements (AL)
\c@float@type=\count97
\float@exts=\toks17
\float@box=\box29
\@float@everytoks=\toks18
\@floatcapt=\box30
)
(/usr/local/texlive/2017/texmf-dist/tex/latex/subfig/subfig.sty
Package: subfig 2005/06/28 ver: 1.3 subfig package

(/usr/local/texlive/2017/texmf-dist/tex/latex/caption/caption.sty
Package: caption 2016/02/21 v3.3-144 Customizing captions (AR)

(/usr/local/texlive/2017/texmf-dist/tex/latex/caption/caption3.sty
Package: caption3 2016/05/22 v1.7-166 caption3 kernel (AR)
Package caption3 Info: TeX engine: e-TeX on input line 67.
\captionmargin=\dimen110
\captionmargin@=\dimen111
\captionwidth=\dimen112
\caption@tempdima=\dimen113
\caption@indent=\dimen114
\caption@parindent=\dimen115
\caption@hangindent=\dimen116
)
\c@ContinuedFloat=\count98
Package caption Info: float package is loaded.
Package caption Info: listings package is loaded.
)
\c@KVtest=\count99
\sf@farskip=\skip44
\sf@captopadj=\dimen117
\sf@capskip=\skip45
\sf@nearskip=\skip46
\c@subfigure=\count100
\c@subfigure@save=\count101
\c@lofdepth=\count102
\c@subtable=\count103
\c@subtable@save=\count104
\c@lotdepth=\count105
\sf@top=\skip47
\sf@bottom=\skip48
)
(/usr/local/texlive/2017/texmf-dist/tex/latex/base/fontenc.sty
Package: fontenc 2017/04/05 v2.0i Standard LaTeX package

(/usr/local/texlive/2017/texmf-dist/tex/latex/base/t1enc.def
File: t1enc.def 2017/04/05 v2.0i Standard LaTeX file
LaTeX Font Info:    Redeclaring font encoding T1 on input line 48.
))
(/usr/local/texlive/2017/texmf-dist/tex/latex/oberdiek/selinput.sty
Package: selinput 2016/05/17 v1.4 Semi-automatic input encoding detection (HO)

(/usr/local/texlive/2017/texmf-dist/tex/latex/base/inputenc.sty
Package: inputenc 2015/03/17 v1.2c Input encoding file
\inpenc@prehook=\toks19
\inpenc@posthook=\toks20
)
(/usr/local/texlive/2017/texmf-dist/tex/generic/oberdiek/kvsetkeys.sty
Package: kvsetkeys 2016/05/16 v1.17 Key value parser (HO)

(/usr/local/texlive/2017/texmf-dist/tex/generic/oberdiek/etexcmds.sty
Package: etexcmds 2016/05/16 v1.6 Avoid name clashes with e-TeX commands (HO)

(/usr/local/texlive/2017/texmf-dist/tex/generic/oberdiek/ifluatex.sty
Package: ifluatex 2016/05/16 v1.4 Provides the ifluatex switch (HO)
Package ifluatex Info: LuaTeX not detected.
)
Package etexcmds Info: Could not find \expanded.
(etexcmds)             That can mean that you are not using pdfTeX 1.50 or
(etexcmds)             that some package has redefined \expanded.
(etexcmds)             In the latter case, load this package earlier.
))
(/usr/local/texlive/2017/texmf-dist/tex/generic/oberdiek/stringenc.sty
Package: stringenc 2016/05/16 v1.11 Convert strings between diff. encodings (HO
)

(/usr/local/texlive/2017/texmf-dist/tex/generic/oberdiek/pdfescape.sty
Package: pdfescape 2016/05/16 v1.14 Implements pdfTeX's escape features (HO)

(/usr/local/texlive/2017/texmf-dist/tex/generic/oberdiek/pdftexcmds.sty
Package: pdftexcmds 2017/03/19 v0.25 Utility functions of pdfTeX for LuaTeX (HO
)

(/usr/local/texlive/2017/texmf-dist/tex/generic/oberdiek/ifpdf.sty
Package: ifpdf 2017/03/15 v3.2 Provides the ifpdf switch
)
Package pdftexcmds Info: LuaTeX not detected.
Package pdftexcmds Info: \pdf@primitive is available.
Package pdftexcmds Info: \pdf@ifprimitive is available.
Package pdftexcmds Info: \pdfdraftmode found.
)))
(/usr/local/texlive/2017/texmf-dist/tex/latex/oberdiek/kvoptions.sty
Package: kvoptions 2016/05/16 v3.12 Key value format for package options (HO)
))
(/usr/local/texlive/2017/texmf-dist/tex/latex/oberdiek/ix-name.def
File: ix-name.def 2016/05/16 v1.11 Name list (inputenx)
)
(/usr/local/texlive/2017/texmf-dist/tex/generic/oberdiek/se-utf8.def
File: se-utf8.def 2016/05/16 v1.11 stringenc: UTF-8
)
(/usr/local/texlive/2017/texmf-dist/tex/generic/oberdiek/se-iso-8859-1.def
File: se-iso-8859-1.def 2016/05/16 v1.11 stringenc: ISO-8859-1
)
(/usr/local/texlive/2017/texmf-dist/tex/generic/oberdiek/se-iso-8859-15.def
File: se-iso-8859-15.def 2016/05/16 v1.11 stringenc: ISO-8859-15
)
(/usr/local/texlive/2017/texmf-dist/tex/latex/oberdiek/x-iso-8859-15.def
File: x-iso-8859-15.def 2016/05/16 v1.11 Input encoding iso-8859-15 (inputenx)
)
Package selinput Info: Encoding `x-iso-8859-15' selected on input line 17.

(/usr/local/texlive/2017/texmf-dist/tex/generic/babel/babel.sty
Package: babel 2017/05/19 3.10 The Babel package

(/usr/local/texlive/2017/texmf-dist/tex/generic/babel-spanish/spanish.ldf
Language: spanish.ldf 2016/03/03 v5.0p Spanish support from the babel system

(/usr/local/texlive/2017/texmf-dist/tex/generic/babel/babel.def
File: babel.def 2017/05/19 3.10 Babel common definitions
\babel@savecnt=\count106
\U@D=\dimen118
)
\es@quottoks=\toks21
\es@quotdepth=\count107
Package babel Info: Making " an active character on input line 561.
Package babel Info: Making . an active character on input line 662.
Package babel Info: Making < an active character on input line 707.
Package babel Info: Making > an active character on input line 707.
))
(/usr/local/texlive/2017/texmf-dist/tex/latex/listings/lstlang1.sty
File: lstlang1.sty 2015/06/04 1.6 listings language file
)
(./Reporte5.aux
LaTeX Info: Redefining \. on input line 6.
LaTeX Info: Redefining \% on input line 6.


LaTeX Warning: Label `td' multiply defined.


LaTeX Warning: Label `f:Arista5' multiply defined.


LaTeX Warning: Label `sub@f:Arista5' multiply defined.


LaTeX Warning: Label `td' multiply defined.


LaTeX Warning: Label `td' multiply defined.

)
\openout1 = `Reporte5.aux'.

LaTeX Font Info:    Checking defaults for OML/cmm/m/it on input line 40.
LaTeX Font Info:    ... okay on input line 40.
LaTeX Font Info:    Checking defaults for T1/cmr/m/n on input line 40.
LaTeX Font Info:    ... okay on input line 40.
LaTeX Font Info:    Checking defaults for OT1/cmr/m/n on input line 40.
LaTeX Font Info:    ... okay on input line 40.
LaTeX Font Info:    Checking defaults for OMS/cmsy/m/n on input line 40.
LaTeX Font Info:    ... okay on input line 40.
LaTeX Font Info:    Checking defaults for OMX/cmex/m/n on input line 40.
LaTeX Font Info:    ... okay on input line 40.
LaTeX Font Info:    Checking defaults for U/cmr/m/n on input line 40.
LaTeX Font Info:    ... okay on input line 40.
\c@lstlisting=\count108
 (/usr/local/texlive/2017/texmf-dist/tex/context/base/mkii/supp-pdf.mkii
[Loading MPS to PDF converter (version 2006.09.02).]
\scratchcounter=\count109
\scratchdimen=\dimen119
\scratchbox=\box31
\nofMPsegments=\count110
\nofMParguments=\count111
\everyMPshowfont=\toks22
\MPscratchCnt=\count112
\MPscratchDim=\dimen120
\MPnumerator=\count113
\makeMPintoPDFobject=\count114
\everyMPtoPDFconversion=\toks23
) (/usr/local/texlive/2017/texmf-dist/tex/latex/oberdiek/epstopdf-base.sty
Package: epstopdf-base 2016/05/15 v2.6 Base part for package epstopdf

(/usr/local/texlive/2017/texmf-dist/tex/latex/oberdiek/grfext.sty
Package: grfext 2016/05/16 v1.2 Manage graphics extensions (HO)

(/usr/local/texlive/2017/texmf-dist/tex/generic/oberdiek/kvdefinekeys.sty
Package: kvdefinekeys 2016/05/16 v1.4 Define keys (HO)
))
Package epstopdf-base Info: Redefining graphics rule for `.eps' on input line 4
38.
Package grfext Info: Graphics extension search list:
(grfext)             [.png,.pdf,.jpg,.mps,.jpeg,.jbig2,.jb2,.PNG,.PDF,.JPG,.JPE
G,.JBIG2,.JB2,.eps]
(grfext)             \AppendGraphicsExtensions on input line 456.

(/usr/local/texlive/2017/texmf-dist/tex/latex/latexconfig/epstopdf-sys.cfg
File: epstopdf-sys.cfg 2010/07/13 v1.3 Configuration of (r)epstopdf for TeX Liv
e
))
Package caption Info: Begin \AtBeginDocument code.
Package caption Info: subfig package v1.3 is loaded.
Package caption Info: End \AtBeginDocument code.
LaTeX Info: Redefining \. on input line 40.
LaTeX Info: Redefining \% on input line 40.

[1

{/usr/local/texlive/2017/texmf-var/fonts/map/pdftex/updmap/pdftex.map}]
Underfull \hbox (badness 10000) in paragraph at lines 55--57

 []


Underfull \hbox (badness 10000) in paragraph at lines 58--60

 []

LaTeX Font Info:    External font `cmex10' loaded for size
(Font)              <7> on input line 61.
LaTeX Font Info:    External font `cmex10' loaded for size
(Font)              <5> on input line 61.

Underfull \hbox (badness 10000) in paragraph at lines 61--63

 []

LaTeX Font Info:    Try loading font information for T1+cmtt on input line 71.
(/usr/local/texlive/2017/texmf-dist/tex/latex/base/t1cmtt.fd
File: t1cmtt.fd 2014/09/29 v2.5h Standard LaTeX font definitions
) [1]
Package epstopdf Info: Source file: <nodos.eps>
(epstopdf)                    date: 2018-05-06 19:30:49
(epstopdf)                    size: 20705 bytes
(epstopdf)             Output file: <nodos-eps-converted-to.pdf>
(epstopdf)                    date: 2018-05-06 19:58:42
(epstopdf)                    size: 3724 bytes
(epstopdf)             Command: <repstopdf --outfile=nodos-eps-converted-to.pdf
 nodos.eps>
(epstopdf)             \includegraphics on input line 90.
Package epstopdf Info: Output file is already uptodate.

<nodos-eps-converted-to.pdf, id=15, 361.35pt x 252.945pt>
File: nodos-eps-converted-to.pdf Graphic file (type pdf)

<use nodos-eps-converted-to.pdf>
Package pdftex.def Info: nodos-eps-converted-to.pdf used on input line 90.
(pdftex.def)             Requested size: 345.0pt x 241.50058pt.

Underfull \hbox (badness 10000) in paragraph at lines 95--97

 []

[2 <./nodos-eps-converted-to.pdf>]
Package epstopdf Info: Source file: <azul.eps>
(epstopdf)                    date: 2018-05-06 20:14:36
(epstopdf)                    size: 26207 bytes
(epstopdf)             Output file: <azul-eps-converted-to.pdf>
(epstopdf)                    date: 2018-05-06 20:17:21
(epstopdf)                    size: 4199 bytes
(epstopdf)             Command: <repstopdf --outfile=azul-eps-converted-to.pdf 
azul.eps>
(epstopdf)             \includegraphics on input line 128.
Package epstopdf Info: Output file is already uptodate.

<azul-eps-converted-to.pdf, id=21, 361.35pt x 252.945pt>
File: azul-eps-converted-to.pdf Graphic file (type pdf)

<use azul-eps-converted-to.pdf>
Package pdftex.def Info: azul-eps-converted-to.pdf used on input line 128.
(pdftex.def)             Requested size: 345.0pt x 241.50058pt.


LaTeX Warning: `!h' float specifier changed to `!ht'.


Underfull \hbox (badness 10000) in paragraph at lines 135--137

 []

[3]
Overfull \hbox (6.61325pt too wide) in paragraph at lines 154--155
[][][][][][][][][][][][][][][][][][][] 
 []

[4 <./azul-eps-converted-to.pdf>]
Underfull \hbox (badness 10000) in paragraph at lines 160--162

 []

Package epstopdf Info: Source file: <a1.eps>
(epstopdf)                    date: 2018-05-06 19:54:55
(epstopdf)                    size: 25480 bytes
(epstopdf)             Output file: <a1-eps-converted-to.pdf>
(epstopdf)                    date: 2018-05-06 20:37:29
(epstopdf)                    size: 4147 bytes
(epstopdf)             Command: <repstopdf --outfile=a1-eps-converted-to.pdf a1
.eps>
(epstopdf)             \includegraphics on input line 169.
Package epstopdf Info: Output file is already uptodate.
<a1-eps-converted-to.pdf, id=30, 361.35pt x 252.945pt>
File: a1-eps-converted-to.pdf Graphic file (type pdf)

<use a1-eps-converted-to.pdf>
Package pdftex.def Info: a1-eps-converted-to.pdf used on input line 169.
(pdftex.def)             Requested size: 172.5pt x 120.74835pt.
Package epstopdf Info: Source file: <a2.eps>
(epstopdf)                    date: 2018-05-06 19:54:57
(epstopdf)                    size: 25255 bytes
(epstopdf)             Output file: <a2-eps-converted-to.pdf>
(epstopdf)                    date: 2018-05-06 20:37:29
(epstopdf)                    size: 4142 bytes
(epstopdf)             Command: <repstopdf --outfile=a2-eps-converted-to.pdf a2
.eps>
(epstopdf)             \includegraphics on input line 172.
Package epstopdf Info: Output file is already uptodate.

<a2-eps-converted-to.pdf, id=31, 361.35pt x 252.945pt>
File: a2-eps-converted-to.pdf Graphic file (type pdf)

<use a2-eps-converted-to.pdf>
Package pdftex.def Info: a2-eps-converted-to.pdf used on input line 172.
(pdftex.def)             Requested size: 172.5pt x 120.74835pt.
Package epstopdf Info: Source file: <a3.eps>
(epstopdf)                    date: 2018-05-06 19:54:58
(epstopdf)                    size: 25255 bytes
(epstopdf)             Output file: <a3-eps-converted-to.pdf>
(epstopdf)                    date: 2018-05-06 20:37:30
(epstopdf)                    size: 4142 bytes
(epstopdf)             Command: <repstopdf --outfile=a3-eps-converted-to.pdf a3
.eps>
(epstopdf)             \includegraphics on input line 176.
Package epstopdf Info: Output file is already uptodate.

<a3-eps-converted-to.pdf, id=32, 361.35pt x 252.945pt>
File: a3-eps-converted-to.pdf Graphic file (type pdf)

<use a3-eps-converted-to.pdf>
Package pdftex.def Info: a3-eps-converted-to.pdf used on input line 176.
(pdftex.def)             Requested size: 172.5pt x 120.74835pt.
Package epstopdf Info: Source file: <a4.eps>
(epstopdf)                    date: 2018-05-06 19:55:00
(epstopdf)                    size: 25029 bytes
(epstopdf)             Output file: <a4-eps-converted-to.pdf>
(epstopdf)                    date: 2018-05-06 20:37:30
(epstopdf)                    size: 4131 bytes
(epstopdf)             Command: <repstopdf --outfile=a4-eps-converted-to.pdf a4
.eps>
(epstopdf)             \includegraphics on input line 179.
Package epstopdf Info: Output file is already uptodate.

<a4-eps-converted-to.pdf, id=33, 361.35pt x 252.945pt>
File: a4-eps-converted-to.pdf Graphic file (type pdf)

<use a4-eps-converted-to.pdf>
Package pdftex.def Info: a4-eps-converted-to.pdf used on input line 179.
(pdftex.def)             Requested size: 172.5pt x 120.74835pt.
Package epstopdf Info: Source file: <a5.eps>
(epstopdf)                    date: 2018-05-06 19:55:01
(epstopdf)                    size: 24803 bytes
(epstopdf)             Output file: <a5-eps-converted-to.pdf>
(epstopdf)                    date: 2018-05-06 20:37:31
(epstopdf)                    size: 4117 bytes
(epstopdf)             Command: <repstopdf --outfile=a5-eps-converted-to.pdf a5
.eps>
(epstopdf)             \includegraphics on input line 183.
Package epstopdf Info: Output file is already uptodate.

<a5-eps-converted-to.pdf, id=34, 361.35pt x 252.945pt>
File: a5-eps-converted-to.pdf Graphic file (type pdf)

<use a5-eps-converted-to.pdf>
Package pdftex.def Info: a5-eps-converted-to.pdf used on input line 183.
(pdftex.def)             Requested size: 172.5pt x 120.74835pt.

Overfull \hbox (6.66504pt too wide) in paragraph at lines 169--184
 [][][] 
 []


Overfull \hbox (6.66504pt too wide) in paragraph at lines 169--184
 [][] 
 []

[5] [6 <./a1-eps-converted-to.pdf> <./a2-eps-converted-to.pdf> <./a3-eps-conver
ted-to.pdf> <./a4-eps-converted-to.pdf> <./a5-eps-converted-to.pdf>]
Package epstopdf Info: Source file: <n1.eps>
(epstopdf)                    date: 2018-05-06 19:46:27
(epstopdf)                    size: 24740 bytes
(epstopdf)             Output file: <n1-eps-converted-to.pdf>
(epstopdf)                    date: 2018-05-06 20:54:52
(epstopdf)                    size: 4012 bytes
(epstopdf)             Command: <repstopdf --outfile=n1-eps-converted-to.pdf n1
.eps>
(epstopdf)             \includegraphics on input line 220.
Package epstopdf Info: Output file is already uptodate.

<n1-eps-converted-to.pdf, id=53, 361.35pt x 252.945pt>
File: n1-eps-converted-to.pdf Graphic file (type pdf)

<use n1-eps-converted-to.pdf>
Package pdftex.def Info: n1-eps-converted-to.pdf used on input line 220.
(pdftex.def)             Requested size: 172.5pt x 120.74835pt.
Package epstopdf Info: Source file: <n2.eps>
(epstopdf)                    date: 2018-05-06 19:46:30
(epstopdf)                    size: 24366 bytes
(epstopdf)             Output file: <n2-eps-converted-to.pdf>
(epstopdf)                    date: 2018-05-06 20:54:53
(epstopdf)                    size: 3954 bytes
(epstopdf)             Command: <repstopdf --outfile=n2-eps-converted-to.pdf n2
.eps>
(epstopdf)             \includegraphics on input line 223.
Package epstopdf Info: Output file is already uptodate.

<n2-eps-converted-to.pdf, id=54, 361.35pt x 252.945pt>
File: n2-eps-converted-to.pdf Graphic file (type pdf)

<use n2-eps-converted-to.pdf>
Package pdftex.def Info: n2-eps-converted-to.pdf used on input line 223.
(pdftex.def)             Requested size: 172.5pt x 120.74835pt.
Package epstopdf Info: Source file: <n3.eps>
(epstopdf)                    date: 2018-05-06 19:46:33
(epstopdf)                    size: 23992 bytes
(epstopdf)             Output file: <n3-eps-converted-to.pdf>
(epstopdf)                    date: 2018-05-06 20:54:53
(epstopdf)                    size: 3893 bytes
(epstopdf)             Command: <repstopdf --outfile=n3-eps-converted-to.pdf n3
.eps>
(epstopdf)             \includegraphics on input line 227.
Package epstopdf Info: Output file is already uptodate.

<n3-eps-converted-to.pdf, id=55, 361.35pt x 252.945pt>
File: n3-eps-converted-to.pdf Graphic file (type pdf)

<use n3-eps-converted-to.pdf>
Package pdftex.def Info: n3-eps-converted-to.pdf used on input line 227.
(pdftex.def)             Requested size: 172.5pt x 120.74835pt.
Package epstopdf Info: Source file: <n4.eps>
(epstopdf)                    date: 2018-05-06 19:46:35
(epstopdf)                    size: 23618 bytes
(epstopdf)             Output file: <n4-eps-converted-to.pdf>
(epstopdf)                    date: 2018-05-06 20:54:54
(epstopdf)                    size: 3835 bytes
(epstopdf)             Command: <repstopdf --outfile=n4-eps-converted-to.pdf n4
.eps>
(epstopdf)             \includegraphics on input line 230.
Package epstopdf Info: Output file is already uptodate.

<n4-eps-converted-to.pdf, id=56, 361.35pt x 252.945pt>
File: n4-eps-converted-to.pdf Graphic file (type pdf)

<use n4-eps-converted-to.pdf>
Package pdftex.def Info: n4-eps-converted-to.pdf used on input line 230.
(pdftex.def)             Requested size: 172.5pt x 120.74835pt.
Package epstopdf Info: Source file: <n5.eps>
(epstopdf)                    date: 2018-05-06 19:46:38
(epstopdf)                    size: 23245 bytes
(epstopdf)             Output file: <n5-eps-converted-to.pdf>
(epstopdf)                    date: 2018-05-06 20:54:54
(epstopdf)                    size: 3779 bytes
(epstopdf)             Command: <repstopdf --outfile=n5-eps-converted-to.pdf n5
.eps>
(epstopdf)             \includegraphics on input line 234.
Package epstopdf Info: Output file is already uptodate.

<n5-eps-converted-to.pdf, id=57, 361.35pt x 252.945pt>
File: n5-eps-converted-to.pdf Graphic file (type pdf)

<use n5-eps-converted-to.pdf>
Package pdftex.def Info: n5-eps-converted-to.pdf used on input line 234.
(pdftex.def)             Requested size: 172.5pt x 120.74835pt.

Overfull \hbox (6.66504pt too wide) in paragraph at lines 220--235
 [][][] 
 []


Overfull \hbox (6.66504pt too wide) in paragraph at lines 220--235
 [][] 
 []

[7

] [8 <./n1-eps-converted-to.pdf> <./n2-eps-converted-to.pdf> <./n3-eps-converte
d-to.pdf> <./n4-eps-converted-to.pdf> <./n5-eps-converted-to.pdf>]
Package epstopdf Info: Source file: <desviacion.eps>
(epstopdf)                    date: 2018-05-06 18:34:40
(epstopdf)                    size: 55681 bytes
(epstopdf)             Output file: <desviacion-eps-converted-to.pdf>
(epstopdf)                    date: 2018-05-06 18:35:56
(epstopdf)                    size: 17833 bytes
(epstopdf)             Command: <repstopdf --outfile=desviacion-eps-converted-t
o.pdf desviacion.eps>
(epstopdf)             \includegraphics on input line 246.
Package epstopdf Info: Output file is already uptodate.

<desviacion-eps-converted-to.pdf, id=74, 361.35pt x 216.81pt>
File: desviacion-eps-converted-to.pdf Graphic file (type pdf)

<use desviacion-eps-converted-to.pdf>
Package pdftex.def Info: desviacion-eps-converted-to.pdf used on input line 246
.
(pdftex.def)             Requested size: 345.0pt x 207.00049pt.
Package epstopdf Info: Source file: <desviacion2.eps>
(epstopdf)                    date: 2018-05-06 18:40:04
(epstopdf)                    size: 56223 bytes
(epstopdf)             Output file: <desviacion2-eps-converted-to.pdf>
(epstopdf)                    date: 2018-05-06 21:13:37
(epstopdf)                    size: 18138 bytes
(epstopdf)             Command: <repstopdf --outfile=desviacion2-eps-converted-
to.pdf desviacion2.eps>
(epstopdf)             \includegraphics on input line 252.
Package epstopdf Info: Output file is already uptodate.

<desviacion2-eps-converted-to.pdf, id=75, 361.35pt x 216.81pt>
File: desviacion2-eps-converted-to.pdf Graphic file (type pdf)

<use desviacion2-eps-converted-to.pdf>
Package pdftex.def Info: desviacion2-eps-converted-to.pdf used on input line 25
2.
(pdftex.def)             Requested size: 345.0pt x 207.00049pt.


LaTeX Warning: `!h' float specifier changed to `!ht'.

[9

 <./desviacion-eps-converted-to.pdf>] [10 <./desviacion2-eps-converted-to.pdf>]

Overfull \hbox (32.25873pt too wide) in paragraph at lines 262--263
[]\T1/cmr/m/sc/10 Schaeffer, Eli-sa \T1/cmr/m/it/10 https://elisa.dyndns-web.co
m/teaching/mat/discretas/md.html
 []


Underfull \hbox (badness 10000) in paragraph at lines 264--265
[]\T1/cmr/m/sc/10 Algoritmo Ford-Fulkerson \T1/cmr/m/it/10 Flu-jos Má-xi-mos.
 []


Overfull \hbox (65.60619pt too wide) in paragraph at lines 265--266
[]\T1/cmr/m/sc/10 Distancias Man-hat-tan \T1/cmr/m/it/10 Wi-ki-tio-nary. https:
//en.wiktionary.org/wikiManhattan.distance.
 []

[11

] (./Reporte5.aux
LaTeX Info: Redefining \. on input line 6.
LaTeX Info: Redefining \% on input line 6.
)

LaTeX Warning: There were multiply-defined labels.

 ) 
Here is how much of TeX's memory you used:
 7307 strings out of 492995
 106643 string characters out of 6132704
 217873 words of memory out of 5000000
 10766 multiletter control sequences out of 15000+600000
 12826 words of font info for 27 fonts, out of 8000000 for 9000
 1141 hyphenation exceptions out of 8191
 44i,10n,49p,749b,1783s stack positions out of 5000i,500n,10000p,200000b,80000s
{/usr/local/texlive/2017/texmf-dist/fonts/enc/dvips/cm-super/cm-super-t1.enc}
</usr/local/texlive/2017/texmf-dist/fonts/type1/public/amsfonts/cm/cmmi10.pfb><
/usr/local/texlive/2017/texmf-dist/fonts/type1/public/cm-super/sfbx1000.pfb></u
sr/local/texlive/2017/texmf-dist/fonts/type1/public/cm-super/sfbx1440.pfb></usr
/local/texlive/2017/texmf-dist/fonts/type1/public/cm-super/sfbx2074.pfb></usr/l
ocal/texlive/2017/texmf-dist/fonts/type1/public/cm-super/sfcc1000.pfb></usr/loc
al/texlive/2017/texmf-dist/fonts/type1/public/cm-super/sfcc1440.pfb></usr/local
/texlive/2017/texmf-dist/fonts/type1/public/cm-super/sfrm0800.pfb></usr/local/t
exlive/2017/texmf-dist/fonts/type1/public/cm-super/sfrm1000.pfb></usr/local/tex
live/2017/texmf-dist/fonts/type1/public/cm-super/sfti1000.pfb></usr/local/texli
ve/2017/texmf-dist/fonts/type1/public/cm-super/sftt0900.pfb>
Output written on Reporte5.pdf (12 pages, 250520 bytes).
PDF statistics:
 134 PDF objects out of 1000 (max. 8388607)
 91 compressed objects within 1 object stream
 0 named destinations out of 1000 (max. 500000)
 71 words of extra memory for PDF output out of 10000 (max. 10000000)

